<?xml version="1.0" encoding="UTF-8"?>
<testsuite xmlns:xsi="http://www.w3.org/2001/XMLSchema-instance" xsi:noNamespaceSchemaLocation="https://maven.apache.org/surefire/maven-surefire-plugin/xsd/surefire-test-report-3.0.xsd" version="3.0" name="com.quoclam.mathutil.core.MathUtilTest" time="0.134" tests="6" errors="0" skipped="0" failures="0">
  <properties>
[...]
</properties>
  <testcase name="testGetFactorialGivenRightArgumentReturnsWell(int, long)[1]" classname="com.quoclam.mathutil.core.MathUtilTest" time="0.056"/>
  <testcase name="testGetFactorialGivenRightArgumentReturnsWell(int, long)[2]" classname="com.quoclam.mathutil.core.MathUtilTest" time="0.003"/>
  <testcase name="testGetFactorialGivenRightArgumentReturnsWell(int, long)[3]" classname="com.quoclam.mathutil.core.MathUtilTest" time="0.003"/>
  <testcase name="testGetFactorialGivenRightArgumentReturnsWell(int, long)[4]" classname="com.quoclam.mathutil.core.MathUtilTest" time="0.003"/>
  <testcase name="testGetFactorialGivenRightArgumentReturnsWell(int, long)[5]" classname="com.quoclam.mathutil.core.MathUtilTest" time="0.002"/>
  <testcase name="testGetFactorialGivenWrongArgumentThrowException" classname="com.quoclam.mathutil.core.MathUtilTest" time="0.006"/>
</testsuite>